<?xml version="1.0" encoding="UTF-8"?>
<coverage generated="1659606741082" clover="3.2.0">
  <project timestamp="1659606741082" name="All files">
    <metrics statements="20" coveredstatements="16" conditionals="8" coveredconditionals="5" methods="7" coveredmethods="6" elements="35" coveredelements="27" complexity="0" loc="20" ncloc="20" packages="1" files="2" classes="2"/>
    <file name="enum.ts" path="/Users/raycas/Desktop/pretty-logger/src/logger/enum.ts">
      <metrics statements="4" coveredstatements="4" conditionals="2" coveredconditionals="2" methods="1" coveredmethods="1"/>
      <line num="1" count="1" type="cond" truecount="2" falsecount="0"/>
      <line num="2" count="1" type="stmt"/>
      <line num="3" count="1" type="stmt"/>
      <line num="4" count="1" type="stmt"/>
    </file>
    <file name="logger.ts" path="/Users/raycas/Desktop/pretty-logger/src/logger/logger.ts">
      <metrics statements="16" coveredstatements="12" conditionals="6" coveredconditionals="3" methods="6" coveredmethods="5"/>
      <line num="1" count="1" type="stmt"/>
      <line num="3" count="1" type="stmt"/>
      <line num="13" count="6" type="stmt"/>
      <line num="26" count="0" type="stmt"/>
      <line num="35" count="2" type="stmt"/>
      <line num="36" count="2" type="cond" truecount="1" falsecount="1"/>
      <line num="37" count="2" type="stmt"/>
      <line num="44" count="0" type="stmt"/>
      <line num="54" count="2" type="stmt"/>
      <line num="55" count="2" type="cond" truecount="1" falsecount="1"/>
      <line num="56" count="2" type="stmt"/>
      <line num="63" count="0" type="stmt"/>
      <line num="73" count="2" type="stmt"/>
      <line num="74" count="2" type="cond" truecount="1" falsecount="1"/>
      <line num="75" count="2" type="stmt"/>
      <line num="82" count="0" type="stmt"/>
    </file>
  </project>
</coverage>
