{"/Users/raycas/Desktop/pretty-logger/src/logger/enum.ts": {"path":"/Users/raycas/Desktop/pretty-logger/src/logger/enum.ts","statementMap":{"0":{"start":{"line":1,"column":0},"end":{"line":1,"column":null}},"1":{"start":{"line":2,"column":2},"end":{"line":2,"column":null}},"2":{"start":{"line":3,"column":2},"end":{"line":3,"column":null}},"3":{"start":{"line":4,"column":2},"end":{"line":4,"column":null}}},"fnMap":{"0":{"name":"(anonymous_0)","decl":{"start":{"line":1,"column":0},"end":{"line":1,"column":12}},"loc":{"start":{"line":1,"column":26},"end":{"line":5,"column":1}}}},"branchMap":{"0":{"loc":{"start":{"line":1,"column":12},"end":{"line":1,"column":null}},"type":"binary-expr","locations":[{"start":{"line":1,"column":12},"end":{"line":1,"column":26}},{"start":{"line":1,"column":12},"end":{"line":1,"column":null}}]}},"s":{"0":1,"1":1,"2":1,"3":1},"f":{"0":1},"b":{"0":[1,1]}}
,"/Users/raycas/Desktop/pretty-logger/src/logger/logger.ts": {"path":"/Users/raycas/Desktop/pretty-logger/src/logger/logger.ts","statementMap":{"0":{"start":{"line":1,"column":0},"end":{"line":1,"column":40}},"1":{"start":{"line":13,"column":4},"end":{"line":17,"column":6}},"2":{"start":{"line":26,"column":4},"end":{"line":30,"column":6}},"3":{"start":{"line":35,"column":19},"end":{"line":35,"column":31}},"4":{"start":{"line":36,"column":4},"end":{"line":50,"column":null}},"5":{"start":{"line":37,"column":6},"end":{"line":42,"column":8}},"6":{"start":{"line":44,"column":6},"end":{"line":49,"column":8}},"7":{"start":{"line":54,"column":19},"end":{"line":54,"column":31}},"8":{"start":{"line":55,"column":4},"end":{"line":69,"column":null}},"9":{"start":{"line":56,"column":6},"end":{"line":61,"column":8}},"10":{"start":{"line":63,"column":6},"end":{"line":68,"column":8}},"11":{"start":{"line":73,"column":19},"end":{"line":73,"column":31}},"12":{"start":{"line":74,"column":4},"end":{"line":88,"column":null}},"13":{"start":{"line":75,"column":6},"end":{"line":80,"column":8}},"14":{"start":{"line":82,"column":6},"end":{"line":87,"column":8}},"15":{"start":{"line":3,"column":0},"end":{"line":3,"column":21}}},"fnMap":{"0":{"name":"(anonymous_0)","decl":{"start":{"line":4,"column":2},"end":{"line":4,"column":17}},"loc":{"start":{"line":4,"column":2},"end":{"line":4,"column":18}}},"1":{"name":"(anonymous_1)","decl":{"start":{"line":7,"column":9},"end":{"line":7,"column":23}},"loc":{"start":{"line":11,"column":17},"end":{"line":18,"column":3}}},"2":{"name":"(anonymous_2)","decl":{"start":{"line":20,"column":9},"end":{"line":20,"column":26}},"loc":{"start":{"line":24,"column":17},"end":{"line":31,"column":3}}},"3":{"name":"(anonymous_3)","decl":{"start":{"line":34,"column":9},"end":{"line":34,"column":15}},"loc":{"start":{"line":34,"column":34},"end":{"line":51,"column":3}}},"4":{"name":"(anonymous_4)","decl":{"start":{"line":53,"column":9},"end":{"line":53,"column":15}},"loc":{"start":{"line":53,"column":36},"end":{"line":70,"column":3}}},"5":{"name":"(anonymous_5)","decl":{"start":{"line":72,"column":9},"end":{"line":72,"column":15}},"loc":{"start":{"line":72,"column":35},"end":{"line":89,"column":3}}}},"branchMap":{"0":{"loc":{"start":{"line":36,"column":4},"end":{"line":50,"column":null}},"type":"if","locations":[{"start":{"line":36,"column":4},"end":{"line":50,"column":null}},{"start":{"line":43,"column":11},"end":{"line":50,"column":null}}]},"1":{"loc":{"start":{"line":55,"column":4},"end":{"line":69,"column":null}},"type":"if","locations":[{"start":{"line":55,"column":4},"end":{"line":69,"column":null}},{"start":{"line":62,"column":11},"end":{"line":69,"column":null}}]},"2":{"loc":{"start":{"line":74,"column":4},"end":{"line":88,"column":null}},"type":"if","locations":[{"start":{"line":74,"column":4},"end":{"line":88,"column":null}},{"start":{"line":81,"column":11},"end":{"line":88,"column":null}}]}},"s":{"0":1,"1":6,"2":0,"3":2,"4":2,"5":2,"6":0,"7":2,"8":2,"9":2,"10":0,"11":2,"12":2,"13":2,"14":0,"15":1},"f":{"0":6,"1":6,"2":0,"3":2,"4":2,"5":2},"b":{"0":[2,0],"1":[2,0],"2":[2,0]}}
}
