TN:
SF:src/logger/enum.ts
FN:1,(anonymous_0)
FNF:1
FNH:1
FNDA:1,(anonymous_0)
DA:1,1
DA:2,1
DA:3,1
DA:4,1
LF:4
LH:4
BRDA:1,0,0,1
BRDA:1,0,1,1
BRF:2
BRH:2
end_of_record
TN:
SF:src/logger/logger.ts
FN:4,(anonymous_0)
FN:7,(anonymous_1)
FN:20,(anonymous_2)
FN:34,(anonymous_3)
FN:53,(anonymous_4)
FN:72,(anonymous_5)
FNF:6
FNH:5
FNDA:6,(anonymous_0)
FNDA:6,(anonymous_1)
FNDA:0,(anonymous_2)
FNDA:2,(anonymous_3)
FNDA:2,(anonymous_4)
FNDA:2,(anonymous_5)
DA:1,1
DA:3,1
DA:13,6
DA:26,0
DA:35,2
DA:36,2
DA:37,2
DA:44,0
DA:54,2
DA:55,2
DA:56,2
DA:63,0
DA:73,2
DA:74,2
DA:75,2
DA:82,0
LF:16
LH:12
BRDA:36,0,0,2
BRDA:36,0,1,0
BRDA:55,1,0,2
BRDA:55,1,1,0
BRDA:74,2,0,2
BRDA:74,2,1,0
BRF:6
BRH:3
end_of_record
